<?xml version="1.0" encoding="UTF-8"?>
<testsuite name="ru.netology.service.CashbackHackServiceTest" tests="1" skipped="0" failures="0" errors="0" timestamp="2022-12-03T17:34:11" hostname="DESKTOP-18FTEHF" time="0.002">
  <properties/>
  <testcase name="shouldCalculateRemainWithAmountOverBoundary" classname="ru.netology.service.CashbackHackServiceTest" time="0.002"/>
  <system-out><![CDATA[]]></system-out>
  <system-err><![CDATA[]]></system-err>
</testsuite>
